<?xml version="1.0" encoding="UTF-8"?>
<testng-results skipped="0" failed="0" ignored="0" total="1" passed="1">
  <reporter-output>
  </reporter-output>
  <suite name="Default suite" duration-ms="5425" started-at="2021-02-19T18:17:40Z" finished-at="2021-02-19T18:17:46Z">
    <groups>
    </groups>
    <test name="Default test" duration-ms="5425" started-at="2021-02-19T18:17:40Z" finished-at="2021-02-19T18:17:46Z">
      <class name="practice.Tabletest">
        <test-method status="PASS" signature="table_test()[pri:0, instance:practice.Tabletest@3a82f6ef]" name="table_test" duration-ms="5403" started-at="2021-02-19T13:17:40Z" finished-at="2021-02-19T13:17:46Z">
          <reporter-output>
          </reporter-output>
        </test-method> <!-- table_test -->
      </class> <!-- practice.Tabletest -->
    </test> <!-- Default test -->
  </suite> <!-- Default suite -->
</testng-results>
